<?xml version="1.0" encoding="UTF-8"?>
<!-- Generated by org.testng.reporters.JUnitReportReporter -->
<testsuite hostname="DESKTOP-JJG0ETL" failures="0" tests="3" name="com.DataProviderExcel.TakeDataFromExcel$DataPrividerMainClass" time="0.019" errors="0" timestamp="08 Apr 2024 05:54:48 GMT" skipped="0">
  <testcase classname="com.DataProviderExcel.TakeDataFromExcel$DataPrividerMainClass" name="getData" time="0.004"/>
  <testcase classname="com.DataProviderExcel.TakeDataFromExcel$DataPrividerMainClass" name="getData" time="0.003"/>
  <testcase classname="com.DataProviderExcel.TakeDataFromExcel$DataPrividerMainClass" name="getData" time="0.012"/>
</testsuite> <!-- com.DataProviderExcel.TakeDataFromExcel$DataPrividerMainClass -->
