<?xml version="1.0" encoding="UTF-8"?>
<!-- Generated by org.testng.reporters.JUnitReportReporter -->
<testsuite hostname="DESKTOP-JJG0ETL" failures="0" tests="3" name="com.TestNG_BatchlExecution.SampleTest" time="0.021" errors="0" timestamp="2024-04-12T16:20:12 IST" skipped="0">
  <testcase classname="com.TestNG_BatchlExecution.SampleTest" name="Sample1Test" time="0.014"/>
  <system-out/>
  <testcase classname="com.TestNG_BatchlExecution.SampleTest" name="Sample3Test" time="0.002"/>
  <system-out/>
  <testcase classname="com.TestNG_BatchlExecution.SampleTest" name="Sample2Test" time="0.005"/>
  <system-out/>
</testsuite> <!-- com.TestNG_BatchlExecution.SampleTest -->
