<?xml version="1.0" encoding="UTF-8"?>
<!-- Generated by org.testng.reporters.JUnitReportReporter -->
<testsuite hostname="DESKTOP-JJG0ETL" failures="0" tests="1" name="com.UserModule.copy.ExtendsBaseClass.AdminLoginLogoutTest2" time="1.091" errors="0" timestamp="2024-04-17T16:08:18 IST" skipped="0">
  <testcase classname="com.UserModule.copy.ExtendsBaseClass.AdminLoginLogoutTest2" name="AdminLogiLogoutTest" time="1.091"/>
  <system-out/>
</testsuite> <!-- com.UserModule.copy.ExtendsBaseClass.AdminLoginLogoutTest2 -->
