<?xml version="1.0" encoding="UTF-8"?>
<!-- Generated by org.testng.reporters.JUnitReportReporter -->
<testsuite hostname="DESKTOP-JJG0ETL" failures="0" tests="3" name="com.TestNG_BatchlExecution.DemoTest" time="0.012" errors="0" timestamp="2024-04-12T16:20:12 IST" skipped="0">
  <testcase classname="com.TestNG_BatchlExecution.DemoTest" name="CreateTest" time="0.004"/>
  <system-out/>
  <testcase classname="com.TestNG_BatchlExecution.DemoTest" name="DeleteTest" time="0.006"/>
  <system-out/>
  <testcase classname="com.TestNG_BatchlExecution.DemoTest" name="EditTest" time="0.002"/>
  <system-out/>
</testsuite> <!-- com.TestNG_BatchlExecution.DemoTest -->
