<?xml version="1.0" encoding="UTF-8"?>
<!-- Generated by org.testng.reporters.JUnitReportReporter -->
<testsuite hostname="DESKTOP-JJG0ETL" failures="0" tests="1" name="com.UserModule.copy.ExtendsBaseClass.AdminLogiLogoutTest2" time="2.714" errors="0" timestamp="2024-04-12T16:06:38 IST" skipped="0">
  <testcase classname="com.UserModule.copy.ExtendsBaseClass.AdminLogiLogoutTest2" name="AdminLogiLogoutTest" time="2.714"/>
  <system-out/>
</testsuite> <!-- com.UserModule.copy.ExtendsBaseClass.AdminLogiLogoutTest2 -->
