<?xml version="1.0" encoding="UTF-8"?>
<!-- Generated by org.testng.reporters.JUnitReportReporter -->
<testsuite hostname="DESKTOP-JJG0ETL" failures="0" tests="3" name="com.TestNG_BatchlExecution.PracticeTest" time="0.010" errors="0" timestamp="2024-04-12T16:20:12 IST" skipped="0">
  <testcase classname="com.TestNG_BatchlExecution.PracticeTest" name="Practice2Test" time="0.005"/>
  <system-out/>
  <testcase classname="com.TestNG_BatchlExecution.PracticeTest" name="Practice1Test" time="0.002"/>
  <system-out/>
  <testcase classname="com.TestNG_BatchlExecution.PracticeTest" name="Practice3Test" time="0.003"/>
  <system-out/>
</testsuite> <!-- com.TestNG_BatchlExecution.PracticeTest -->
